<?xml version="1.0" encoding="UTF-8"?>
<testsuite name="SillyTest" tests="1" skipped="0" failures="0" errors="0" timestamp="2022-09-13T00:19:08" hostname="ALEX" time="0.009">
  <properties/>
  <testcase name="testTask3" classname="SillyTest" time="0.009"/>
  <system-out><![CDATA[]]></system-out>
  <system-err><![CDATA[]]></system-err>
</testsuite>
